<?xml version="1.0" encoding="UTF-8"?>
<testsuite xmlns:xsi="http://www.w3.org/2001/XMLSchema-instance" xsi:noNamespaceSchemaLocation="https://maven.apache.org/surefire/maven-surefire-plugin/xsd/surefire-test-report-3.0.xsd" version="3.0" name="com.devxptech.templatejava.TemplateJavaApplicationTests" time="1.593" tests="1" errors="0" skipped="0" failures="0">
  <properties>
[...]
</properties>
  <testcase name="contextLoads" classname="com.devxptech.templatejava.TemplateJavaApplicationTests" time="0.462">
    <system-out><![CDATA[16:47:09.657 [main] INFO org.springframework.test.context.support.AnnotationConfigContextLoaderUtils -- Could not detect default configuration classes for test class [com.devxptech.templatejava.TemplateJavaApplicationTests]: TemplateJavaApplicationTests does not declare any static, non-private, non-final, nested classes annotated with @Configuration.
16:47:09.699 [main] INFO org.springframework.boot.test.context.SpringBootTestContextBootstrapper -- Found @SpringBootConfiguration com.devxptech.templatejava.TemplateJavaApplication for test class com.devxptech.templatejava.TemplateJavaApplicationTests

  .   ____          _            __ _ _
 /\\ / ___'_ __ _ _(_)_ __  __ _ \ \ \ \
( ( )\___ | '_ | '_| | '_ \/ _` | \ \ \ \
 \\/  ___)| |_)| | | | | || (_| |  ) ) ) )
  '  |____| .__|_| |_|_| |_\__, | / / / /
 =========|_|==============|___/=/_/_/_/
 :: Spring Boot ::                (v3.1.5)

2023-11-21T16:47:09.891Z  INFO 38473 --- [           main] c.d.t.TemplateJavaApplicationTests       : Starting TemplateJavaApplicationTests using Java 21.0.1 with PID 38473 (started by diegoluisi in /Users/diegoluisi/projects/devxp-tech/template-java)
2023-11-21T16:47:09.891Z  INFO 38473 --- [           main] c.d.t.TemplateJavaApplicationTests       : No active profile set, falling back to 1 default profile: "default"
2023-11-21T16:47:10.614Z  INFO 38473 --- [           main] o.s.b.a.e.web.EndpointLinksResolver      : Exposing 13 endpoint(s) beneath base path '/actuator'
2023-11-21T16:47:10.644Z  INFO 38473 --- [           main] c.d.t.TemplateJavaApplicationTests       : Started TemplateJavaApplicationTests in 0.887 seconds (process running for 1.315)
]]></system-out>
    <system-err><![CDATA[WARNING: A Java agent has been loaded dynamically (/Users/diegoluisi/.m2/repository/net/bytebuddy/byte-buddy-agent/1.14.9/byte-buddy-agent-1.14.9.jar)
WARNING: If a serviceability tool is in use, please run with -XX:+EnableDynamicAgentLoading to hide this warning
WARNING: If a serviceability tool is not in use, please run with -Djdk.instrument.traceUsage for more information
WARNING: Dynamic loading of agents will be disallowed by default in a future release
]]></system-err>
  </testcase>
</testsuite>